app/build/intermediates/manifest_merge_blame_file/debug/manifest-merger-blame-debug-report.txt
1<?xml version="1.0" encoding="utf-8"?>
2<manifest xmlns:android="http://schemas.android.com/apk/res/android"
3    package="cz.cuni.mff.nutritionalassistant"
4    android:versionCode="1"
5    android:versionName="1.0" >
6
7    <uses-sdk
8        android:minSdkVersion="23"
8-->src\main\AndroidManifest.xml
9        android:targetSdkVersion="29" />
9-->src\main\AndroidManifest.xml
10
11    <uses-permission android:name="android.permission.INTERNET" />
11-->src\main\AndroidManifest.xml:5:5-67
11-->src\main\AndroidManifest.xml:5:22-64
12
13    <application
13-->src\main\AndroidManifest.xml:7:5-50:19
14        android:allowBackup="true"
14-->src\main\AndroidManifest.xml:8:9-35
15        android:appComponentFactory="android.support.v4.app.CoreComponentFactory"
15-->[com.android.support:support-compat:28.0.0] AndroidManifest.xml:22:18-91
16        android:debuggable="true"
17        android:extractNativeLibs="false"
18        android:icon="@mipmap/ic_launcher"
18-->src\main\AndroidManifest.xml:9:9-43
19        android:label="@string/app_name"
19-->src\main\AndroidManifest.xml:10:9-41
20        android:roundIcon="@mipmap/ic_launcher_round"
20-->src\main\AndroidManifest.xml:11:9-54
21        android:supportsRtl="true"
21-->src\main\AndroidManifest.xml:12:9-35
22        android:testOnly="true"
23        android:theme="@style/AppTheme" >
23-->src\main\AndroidManifest.xml:13:9-40
24        <activity
24-->src\main\AndroidManifest.xml:14:9-18:20
25            android:name="cz.cuni.mff.nutritionalassistant.SwapActivity"
25-->src\main\AndroidManifest.xml:15:13-73
26            android:label="Swap Activity"
26-->src\main\AndroidManifest.xml:16:13-42
27            android:theme="@style/AppTheme.NoActionBar" >
27-->src\main\AndroidManifest.xml:17:13-56
28        </activity>
29        <activity android:name="cz.cuni.mff.nutritionalassistant.activity.overview.RecipeOverviewActivity" />
29-->src\main\AndroidManifest.xml:19:9-110
29-->src\main\AndroidManifest.xml:19:19-107
30        <activity android:name="cz.cuni.mff.nutritionalassistant.activity.overview.RestaurantfoodOverviewActivity" />
30-->src\main\AndroidManifest.xml:20:9-118
30-->src\main\AndroidManifest.xml:20:19-115
31        <activity android:name="cz.cuni.mff.nutritionalassistant.activity.overview.ProductOverviewActivity" />
31-->src\main\AndroidManifest.xml:21:9-111
31-->src\main\AndroidManifest.xml:21:19-108
32        <activity
32-->src\main\AndroidManifest.xml:22:9-24:61
33            android:name="cz.cuni.mff.nutritionalassistant.util.FilterDialogActivity"
33-->src\main\AndroidManifest.xml:23:13-86
34            android:theme="@style/Theme.AppCompat.Dialog" />
34-->src\main\AndroidManifest.xml:24:13-58
35        <activity android:name="cz.cuni.mff.nutritionalassistant.GoalActivity" />
35-->src\main\AndroidManifest.xml:25:9-82
35-->src\main\AndroidManifest.xml:25:19-79
36        <activity
36-->src\main\AndroidManifest.xml:26:9-28:59
37            android:name="cz.cuni.mff.nutritionalassistant.CurrentLifestyleActivity"
37-->src\main\AndroidManifest.xml:27:13-85
38            android:theme="@style/AppTheme.NoActionBar" />
38-->src\main\AndroidManifest.xml:28:13-56
39        <activity android:name="cz.cuni.mff.nutritionalassistant.UserParametersActivity" />
39-->src\main\AndroidManifest.xml:29:9-92
39-->src\main\AndroidManifest.xml:29:19-89
40        <activity
40-->src\main\AndroidManifest.xml:30:9-32:49
41            android:name="cz.cuni.mff.nutritionalassistant.NHSetActivity"
41-->src\main\AndroidManifest.xml:31:13-74
42            android:label="Nutrition Settings" />
42-->src\main\AndroidManifest.xml:32:13-47
43        <activity
43-->src\main\AndroidManifest.xml:33:9-36:59
44            android:name="cz.cuni.mff.nutritionalassistant.FoodAddingActivity"
44-->src\main\AndroidManifest.xml:34:13-79
45            android:label="Food Adding Activity"
45-->src\main\AndroidManifest.xml:35:13-49
46            android:theme="@style/AppTheme.NoActionBar" />
46-->src\main\AndroidManifest.xml:36:13-56
47        <activity
47-->src\main\AndroidManifest.xml:37:9-39:56
48            android:name="cz.cuni.mff.nutritionalassistant.ManualNHActivity"
48-->src\main\AndroidManifest.xml:38:13-77
49            android:label="Manual Nutrition Settings" />
49-->src\main\AndroidManifest.xml:39:13-54
50        <activity
50-->src\main\AndroidManifest.xml:40:9-49:20
51            android:name="cz.cuni.mff.nutritionalassistant.MainActivity"
51-->src\main\AndroidManifest.xml:41:13-73
52            android:label="@string/app_name"
52-->src\main\AndroidManifest.xml:42:13-45
53            android:theme="@style/AppTheme.NoActionBar" >
53-->src\main\AndroidManifest.xml:43:13-56
54            <intent-filter>
54-->src\main\AndroidManifest.xml:44:13-48:29
55                <action android:name="android.intent.action.MAIN" />
55-->src\main\AndroidManifest.xml:45:17-69
55-->src\main\AndroidManifest.xml:45:25-66
56
57                <category android:name="android.intent.category.LAUNCHER" />
57-->src\main\AndroidManifest.xml:47:17-77
57-->src\main\AndroidManifest.xml:47:27-74
58            </intent-filter>
59        </activity>
60    </application>
61
62</manifest>